<?xml version="1.0" encoding="UTF-8"?>
<!-- Generated by org.testng.reporters.JUnitXMLReporter -->
<testsuite ignored="0" hostname="Ranjith" failures="0" tests="4" name="test5" time="2.841" errors="0" timestamp="2025-01-27T16:19:32 IST">
  <testcase classname="com.lao.testcases.TC_005_VerifyTheErrorMessageInCOInfo" name="verifyTheErrorMessageforFirstName" time="0.943"/>
  <testcase classname="com.lao.testcases.TC_005_VerifyTheErrorMessageInCOInfo" name="verifyTheErrorMessageforLastName" time="0.594"/>
  <testcase classname="com.lao.testcases.TC_005_VerifyTheErrorMessageInCOInfo" name="verifyTheErrorMessageforZipCode" time="0.583"/>
  <testcase classname="com.lao.testcases.TC_005_VerifyTheErrorMessageInCOInfo" name="verifyTheErrorMessageforEmptyfields" time="0.435"/>
</testsuite> <!-- test5 -->
