<?xml version="1.0" encoding="UTF-8"?>
<!-- Generated by org.testng.reporters.JUnitXMLReporter -->
<testsuite ignored="0" hostname="Ranjith" failures="0" tests="4" name="Test" time="4.63" errors="0" timestamp="2025-01-26T18:44:04 IST">
  <testcase classname="com.lao.loginTS.TS_001_LoginFunctionalities" name="tc_001_loginWithValidUnameAndInvalidPword" time="0.931"/>
  <testcase classname="com.lao.loginTS.TS_001_LoginFunctionalities" name="tc_002_loginWithInValidUnameAndValidPword" time="0.706"/>
  <testcase classname="com.lao.loginTS.TS_001_LoginFunctionalities" name="tc_003_loginWithInValidCredentials" time="0.67"/>
  <testcase classname="com.lao.loginTS.TS_001_LoginFunctionalities" name="tc_004_loginWithValidCredentials" time="2.164"/>
</testsuite> <!-- Test -->
