<?xml version="1.0" encoding="UTF-8"?>
<!-- Generated by org.testng.reporters.JUnitXMLReporter -->
<testsuite ignored="0" hostname="Ranjith" failures="0" tests="4" name="test4" time="3.18" errors="0" timestamp="2025-01-27T16:19:29 IST">
  <testcase classname="com.lao.testcases.TC_004_FinishCheckOutAndGetCOInfo" name="addProductFromInventoryPage" time="0.929"/>
  <testcase classname="com.lao.testcases.TC_004_FinishCheckOutAndGetCOInfo" name="performCheckOutStepOne" time="0.929"/>
  <testcase classname="com.lao.testcases.TC_004_FinishCheckOutAndGetCOInfo" name="getCheckOutInfoFromCheckOutStepTwo" time="0.186"/>
  <testcase classname="com.lao.testcases.TC_004_FinishCheckOutAndGetCOInfo" name="clickOnFinish" time="0.739"/>
</testsuite> <!-- test4 -->
