<?xml version="1.0" encoding="UTF-8"?>
<!-- Generated by org.testng.reporters.JUnitXMLReporter -->
<testsuite ignored="0" hostname="Ranjith" failures="0" tests="4" name="Default test" time="2.095" errors="0" timestamp="2025-01-27T15:54:29 IST">
  <testcase classname="com.lao.testcases.TC_004_FinishCheckOutAndGetCOInfo" name="addProductFromInventoryPage" time="0.774"/>
  <testcase classname="com.lao.testcases.TC_004_FinishCheckOutAndGetCOInfo" name="performCheckOutStepOne" time="0.7"/>
  <testcase classname="com.lao.testcases.TC_004_FinishCheckOutAndGetCOInfo" name="getCheckOutInfoFromCheckOutStepTwo" time="0.178"/>
  <testcase classname="com.lao.testcases.TC_004_FinishCheckOutAndGetCOInfo" name="clickOnFinish" time="0.285"/>
</testsuite> <!-- Default test -->
